#
# A fatal error has been detected by the Java Runtime Environment:
#
#  EXCEPTION_ACCESS_VIOLATION (0xc0000005) at pc=0x00007fff631163b7, pid=30212, tid=30232
#
# JRE version: OpenJDK Runtime Environment (20.0+36) (build 20+36-2344)
# Java VM: OpenJDK 64-Bit Server VM (20+36-2344, mixed mode, sharing, tiered, compressed oops, compressed class ptrs, g1 gc, windows-amd64)
# Problematic frame:
# C  [glass.dll+0x263b7]
#
# No core dump will be written. Minidumps are not enabled by default on client versions of Windows
#
# If you would like to submit a bug report, please visit:
#   https://bugreport.java.com/bugreport/crash.jsp
#

---------------  S U M M A R Y ------------

Command Line: -agentlib:jdwp=transport=dt_socket,address=127.0.0.1:57527,suspend=y,server=n -javaagent:C:\Users\ledey\AppData\Local\JetBrains\IdeaIC2022.3\captureAgent\debugger-agent.jar -Dfile.encoding=UTF-8 -Dsun.stdout.encoding=UTF-8 -Dsun.stderr.encoding=UTF-8 --module-path=C:\Users\ledey\.m2\repository\org\openjfx\javafx-controls\20-ea+4\javafx-controls-20-ea+4-win.jar;C:\Users\ledey\.m2\repository\org\openjfx\javafx-base\20-ea+4\javafx-base-20-ea+4-win.jar;C:\Users\ledey\.m2\repository\org\openjfx\javafx-graphics\20-ea+4\javafx-graphics-20-ea+4-win.jar;C:\Users\ledey\.m2\repository\mysql\mysql-connector-java\8.0.25\mysql-connector-java-8.0.25.jar;C:\Users\ledey\.m2\repository\org\openjfx\javafx-fxml\20-ea+4\javafx-fxml-20-ea+4-win.jar;A:\polykek\kursach_2sem\target\classes -Djdk.module.main=sample.d sample.d/main.Main

Host: Intel(R) Core(TM) i5-10300H CPU @ 2.50GHz, 8 cores, 15G,  Windows 10 , 64 bit Build 19041 (10.0.19041.2913)
Time: Sun May 28 14:20:06 2023 RTZ 2 (s 10 , 64 bit Build 19041 (10.0.19041.2913) elapsed time: 65.213029 seconds (0d 0h 1m 5s)

---------------  T H R E A D  ---------------

Current thread (0x00000169fc853170):  VMThread "VM Thread" [stack: 0x0000001b27c00000,0x0000001b27d00000] [id=30232]

Stack: [0x0000001b27c00000,0x0000001b27d00000],  sp=0x0000001b27cff280,  free space=1020k
Native frames: (J=compiled Java code, j=interpreted, Vv=VM code, C=native code)
C  [glass.dll+0x263b7]


siginfo: EXCEPTION_ACCESS_VIOLATION (0xc0000005), reading address 0x0000000000000000


Registers:
RAX=0x0000000000000000, RBX=0x00000169979707c8, RCX=0x00000169fc853170, RDX=0x0000001b27cff280
RSP=0x0000001b27cff280, RBP=0x00000169fd566ee8, RSI=0x00000169fd566ec0, RDI=0x0000dcc765b39854
R8 =0x0000000000010002, R9 =0x0000dcc765b39854, R10=0x0000000000008000, R11=0x0000001b27cff210
R12=0x00007fff63113cf0, R13=0x00007fff1e79ea90, R14=0x0000001b27cff378, R15=0x00000169fd566ec0
RIP=0x00007fff631163b7, EFLAGS=0x0000000000010206


Register to memory mapping:

RIP=0x00007fff631163b7 glass.dll
RAX=0x0 is NULL
RBX=0x00000169979707c8 is a global jni handle
RCX=0x00000169fc853170 points into unknown readable memory: 0x00007fff1e5c7010 | 10 70 5c 1e ff 7f 00 00
RDX=0x0000001b27cff280 points into unknown readable memory: 0x0000000000000000 | 00 00 00 00 00 00 00 00
RSP=0x0000001b27cff280 points into unknown readable memory: 0x0000000000000000 | 00 00 00 00 00 00 00 00
RBP=0x00000169fd566ee8 points into unknown readable memory: 0x0000dcc765b39854 | 54 98 b3 65 c7 dc 00 00
RSI=0x00000169fd566ec0 points into unknown readable memory: 0xfff6edd4e5339853 | 53 98 33 e5 d4 ed f6 ff
RDI=0x0000dcc765b39854 is an unknown value
R8 =0x0000000000010002 is an unknown value
R9 =0x0000dcc765b39854 is an unknown value
R10=0x0000000000008000 is an unknown value
R11=0x0000001b27cff210 points into unknown readable memory: 0x00000169fd566ec0 | c0 6e 56 fd 69 01 00 00
R12=0x00007fff63113cf0 glass.dll
R13=0x00007fff1e79ea90 jvm.dll
R14=0x0000001b27cff378 points into unknown readable memory: 0x0000001b27cff360 | 60 f3 cf 27 1b 00 00 00
R15=0x00000169fd566ec0 points into unknown readable memory: 0xfff6edd4e5339853 | 53 98 33 e5 d4 ed f6 ff


Top of Stack: (sp=0x0000001b27cff280)
0x0000001b27cff280:   0000000000000000 00000169fd566ec0
0x0000001b27cff290:   00007fff1e79ea90 00007fff63113cf0
0x0000001b27cff2a0:   00000169fd566ec8 00007fff8dea42d6
0x0000001b27cff2b0:   0000dcc765b39854 0000016900000000
0x0000001b27cff2c0:   00000169fd566ee8 00000169fd566ec0
0x0000001b27cff2d0:   fffffffffffffffe 0000000000000000
0x0000001b27cff2e0:   0000000000000001 00007fff630f0000
0x0000001b27cff2f0:   0000001b27cff368 00007fff8dea41fb
0x0000001b27cff300:   0000000000000000 0000001b27cff378
0x0000001b27cff310:   0000001b27cff640 00007fff8df80e40
0x0000001b27cff320:   0000000000000001 00007fff8dea41b4
0x0000001b27cff330:   0000000000000000 0000000000000001
0x0000001b27cff340:   0000000000000000 0000001b27cff368
0x0000001b27cff350:   0000000000000001 00007fff63113b7d
0x0000001b27cff360:   00007fff63129f88 00007fff00000002
0x0000001b27cff370:   0000000000000002 0000001b27cff360
0x0000001b27cff380:   ffffffffffffff00 00007fff90009993
0x0000001b27cff390:   0000000000000000 00007fff63113ca2
0x0000001b27cff3a0:   0000000000000001 0000000000000000
0x0000001b27cff3b0:   0000000000000000 0000000000000001
0x0000001b27cff3c0:   0000000000000000 0000000000000000
0x0000001b27cff3d0:   0000000000000001 000047a1b2d586a8
0x0000001b27cff3e0:   00007fff630f0000 000000007ffe0384
0x0000001b27cff3f0:   0000000000000000 00007fff90009a1d
0x0000001b27cff400:   00007fff630f0000 0000000000000000
0x0000001b27cff410:   0000000000000001 000000007ffe0385
0x0000001b27cff420:   0000000002360fb8 0000001b27cff640
0x0000001b27cff430:   000047a100000000 0000000000000014
0x0000001b27cff440:   0000000000000000 00007fff63113cf0
0x0000001b27cff450:   00000000000003d8 00000169fcdd9ba0
0x0000001b27cff460:   00000169fc84dd00 00007fff9004dcec
0x0000001b27cff470:   00000169fcdd97f0 00007fff630f0000 

Instructions: (pc=0x00007fff631163b7)
0x00007fff631162b7:   8b 4d 58 e8 7d cf ff ff 48 8b 4d 60 e8 74 cf ff
0x00007fff631162c7:   ff 48 8b 95 80 00 00 00 48 8b 8d 18 01 00 00 e8
0x00007fff631162d7:   66 c4 ff ff 33 d2 33 c9 e8 bc e1 ff ff 90 48 89
0x00007fff631162e7:   54 24 10 55 48 83 ec 20 48 8b ea 48 b8 00 00 00
0x00007fff631162f7:   00 00 00 00 00 48 83 c4 20 5d c3 cc 40 55 48 8b
0x00007fff63116307:   ea 48 8b 01 33 c9 81 38 05 00 00 c0 0f 94 c1 8b
0x00007fff63116317:   c1 5d c3 cc 40 55 48 83 ec 20 48 8b ea 8a 4d 40
0x00007fff63116327:   48 83 c4 20 5d e9 63 d3 ff ff cc 40 55 48 83 ec
0x00007fff63116337:   20 48 8b ea 8a 4d 20 e8 51 d3 ff ff 90 48 83 c4
0x00007fff63116347:   20 5d c3 cc 40 55 48 83 ec 20 48 8b ea 48 83 c4
0x00007fff63116357:   20 5d e9 b2 d1 ff ff cc 40 55 48 83 ec 30 48 8b
0x00007fff63116367:   ea 48 8b 01 8b 10 48 89 4c 24 28 89 54 24 20 4c
0x00007fff63116377:   8d 0d 53 d6 ff ff 4c 8b 45 70 8b 55 68 48 8b 4d
0x00007fff63116387:   60 e8 f3 d0 ff ff 90 48 83 c4 30 5d c3 cc cc cc
0x00007fff63116397:   cc cc cc cc cc cc cc cc cc 40 53 48 83 ec 20 48
0x00007fff631163a7:   8b 1d db 35 01 00 48 85 db 74 16 e8 79 8b ff ff
0x00007fff631163b7:   4c 8b 00 48 8b d3 48 8b c8 41 ff 90 b0 00 00 00
0x00007fff631163c7:   90 48 83 c4 20 5b c3 cc cc 40 53 48 83 ec 20 48
0x00007fff631163d7:   8b 1d 4b 37 01 00 48 85 db 74 57 b8 ff ff ff ff
0x00007fff631163e7:   f0 0f c1 43 10 83 f8 01 75 3d 48 85 db 74 38 48
0x00007fff631163f7:   8b 0b 48 85 c9 74 0d ff 15 a4 0e 00 00 48 c7 03
0x00007fff63116407:   00 00 00 00 48 8b 4b 08 48 85 c9 74 0d e8 23 ce
0x00007fff63116417:   ff ff 48 c7 43 08 00 00 00 00 ba 18 00 00 00 48
0x00007fff63116427:   8b cb e8 0e ce ff ff 48 c7 05 ef 36 01 00 00 00
0x00007fff63116437:   00 00 48 83 c4 20 5b c3 cc 40 53 48 83 ec 20 48
0x00007fff63116447:   8b 1d bb 36 01 00 48 85 db 74 57 b8 ff ff ff ff
0x00007fff63116457:   f0 0f c1 43 10 83 f8 01 75 3d 48 85 db 74 38 48
0x00007fff63116467:   8b 0b 48 85 c9 74 0d ff 15 34 0e 00 00 48 c7 03
0x00007fff63116477:   00 00 00 00 48 8b 4b 08 48 85 c9 74 0d e8 b3 cd
0x00007fff63116487:   ff ff 48 c7 43 08 00 00 00 00 ba 18 00 00 00 48
0x00007fff63116497:   8b cb e8 9e cd ff ff 48 c7 05 5f 36 01 00 00 00
0x00007fff631164a7:   00 00 48 83 c4 20 5b c3 cc 40 53 48 83 ec 20 48 


Stack slot to memory mapping:
stack at sp + 0 slots: 0x0 is NULL
stack at sp + 1 slots: 0x00000169fd566ec0 points into unknown readable memory: 0xfff6edd4e5339853 | 53 98 33 e5 d4 ed f6 ff
stack at sp + 2 slots: 0x00007fff1e79ea90 jvm.dll
stack at sp + 3 slots: 0x00007fff63113cf0 glass.dll
stack at sp + 4 slots: 0x00000169fd566ec8 points into unknown readable memory: 0x0000dcc765b39854 | 54 98 b3 65 c7 dc 00 00
stack at sp + 5 slots: 0x00007fff8dea42d6 ucrtbase.dll
stack at sp + 6 slots: 0x0000dcc765b39854 is an unknown value
stack at sp + 7 slots: 0x0000016900000000 is an unknown value

VM_Operation (0x0000001b273ff0e0): Exit, mode: safepoint, requested by thread 0x00000169fcf22000


---------------  P R O C E S S  ---------------

Threads class SMR info:
_java_thread_list=0x00000169fe1e7c70, length=21, elements={
0x00000169ec32d8a0, 0x00000169fc874ea0, 0x00000169fc875ca0, 0x00000169fc879b40,
0x00000169fc87b490, 0x00000169fc87bdd0, 0x00000169fc881c20, 0x00000169fc882890,
0x00000169fc8885d0, 0x00000169fca6d980, 0x00000169fcd313d0, 0x00000169fcb21770,
0x00000169fd238400, 0x00000169fd588ab0, 0x00000169fd5c3f80, 0x00000169fdb70d10,
0x00000169fdb775e0, 0x00000169fe366670, 0x00000169fdf3d060, 0x00000169fcf23a90,
0x00000169fcf22000
}

Java Threads: ( => current thread )
  0x00000169ec32d8a0 JavaThread "main" [_thread_blocked, id=27572, stack(0x0000001b27600000,0x0000001b27700000)]
  0x00000169fc874ea0 JavaThread "Reference Handler" daemon [_thread_blocked, id=30584, stack(0x0000001b27d00000,0x0000001b27e00000)]
  0x00000169fc875ca0 JavaThread "Finalizer" daemon [_thread_blocked, id=6332, stack(0x0000001b27e00000,0x0000001b27f00000)]
  0x00000169fc879b40 JavaThread "Signal Dispatcher" daemon [_thread_blocked, id=30376, stack(0x0000001b27f00000,0x0000001b28000000)]
  0x00000169fc87b490 JavaThread "Attach Listener" daemon [_thread_blocked, id=4380, stack(0x0000001b28000000,0x0000001b28100000)]
  0x00000169fc87bdd0 JavaThread "Service Thread" daemon [_thread_blocked, id=3132, stack(0x0000001b28100000,0x0000001b28200000)]
  0x00000169fc881c20 JavaThread "Monitor Deflation Thread" daemon [_thread_blocked, id=13416, stack(0x0000001b28200000,0x0000001b28300000)]
  0x00000169fc882890 JavaThread "C2 CompilerThread0" daemon [_thread_blocked, id=21584, stack(0x0000001b28300000,0x0000001b28400000)]
  0x00000169fc8885d0 JavaThread "C1 CompilerThread0" daemon [_thread_blocked, id=18436, stack(0x0000001b28400000,0x0000001b28500000)]
  0x00000169fca6d980 JavaThread "Common-Cleaner" daemon [_thread_blocked, id=27244, stack(0x0000001b28500000,0x0000001b28600000)]
  0x00000169fcd313d0 JavaThread "JDWP Event Helper Thread" daemon [_thread_blocked, id=25504, stack(0x0000001b28900000,0x0000001b28a00000)]
  0x00000169fcb21770 JavaThread "Notification Thread" daemon [_thread_blocked, id=31220, stack(0x0000001b28600000,0x0000001b28700000)]
  0x00000169fd238400 JavaThread "QuantumRenderer-0" daemon [_thread_blocked, id=18884, stack(0x0000001b28d00000,0x0000001b28e00000)]
  0x00000169fd588ab0 JavaThread "InvokeLaterDispatcher" daemon [_thread_blocked, id=27124, stack(0x0000001b28e00000,0x0000001b28f00000)]
  0x00000169fd5c3f80 JavaThread "JavaFX Application Thread" [_thread_blocked, id=28804, stack(0x0000001b28f00000,0x0000001b29000000)]
  0x00000169fdb70d10 JavaThread "Thread-1" daemon [_thread_in_native, id=27024, stack(0x0000001b29300000,0x0000001b29400000)]
  0x00000169fdb775e0 JavaThread "JavaFX-Launcher" [_thread_blocked, id=27328, stack(0x0000001b29b00000,0x0000001b29c00000)]
  0x00000169fe366670 JavaThread "Prism Font Disposer" daemon [_thread_blocked, id=25040, stack(0x0000001b29c00000,0x0000001b29d00000)]
  0x00000169fdf3d060 JavaThread "Cleaner-0" daemon [_thread_blocked, id=24428, stack(0x0000001b2a000000,0x0000001b2a100000)]
  0x00000169fcf23a90 JavaThread "mysql-cj-abandoned-connection-cleanup" daemon [_thread_blocked, id=25768, stack(0x0000001b28c00000,0x0000001b28d00000)]
  0x00000169fcf22000 JavaThread "SIGINT handler" daemon [_thread_blocked, id=27408, stack(0x0000001b27300000,0x0000001b27400000)]

Other Threads:
=>0x00000169fc853170 VMThread "VM Thread" [stack: 0x0000001b27c00000,0x0000001b27d00000] [id=30232]
  0x00000169ec39f550 WorkerThread "GC Thread#0" [stack: 0x0000001b27700000,0x0000001b27800000] [id=24928]
  0x00000169fdaa7470 WorkerThread "GC Thread#1" [stack: 0x0000001b29400000,0x0000001b29500000] [id=23504]
  0x00000169fdad5f50 WorkerThread "GC Thread#2" [stack: 0x0000001b29500000,0x0000001b29600000] [id=25956]
  0x00000169fdb0bbe0 WorkerThread "GC Thread#3" [stack: 0x0000001b29600000,0x0000001b29700000] [id=30008]
  0x00000169fdbd6040 WorkerThread "GC Thread#4" [stack: 0x0000001b29700000,0x0000001b29800000] [id=3596]
  0x00000169fdbd6310 WorkerThread "GC Thread#5" [stack: 0x0000001b29800000,0x0000001b29900000] [id=3668]
  0x00000169fdb6d590 WorkerThread "GC Thread#6" [stack: 0x0000001b29900000,0x0000001b29a00000] [id=30844]
  0x00000169fdb6d2c0 WorkerThread "GC Thread#7" [stack: 0x0000001b29a00000,0x0000001b29b00000] [id=1728]
  0x00000169ec3b0250 ConcurrentGCThread "G1 Main Marker" terminated
  0x00000169ec3b2340 WorkerThread "G1 Conc#0" [stack: 0x0000001b27900000,0x0000001b27a00000] [id=7944]
  0x00000169ec3fdb50 ConcurrentGCThread "G1 Refine#0" terminated
  0x00000169ec3fe500 ConcurrentGCThread "G1 Service" terminated

Threads with active compile tasks:

VM state: at safepoint (shutting down)

VM Mutex/Monitor currently owned by a thread:  ([mutex/lock_event])
[0x00000169ec328ca0] Threads_lock - owner thread: 0x00000169fc853170
[0x00000169ec3278f0] Heap_lock - owner thread: 0x00000169fcf22000

Heap address: 0x0000000702c00000, size: 4052 MB, Compressed Oops mode: Zero based, Oop shift amount: 3

CDS archive(s) mapped at: [0x0000000800000000-0x0000000800c60000-0x0000000800c60000), size 12976128, SharedBaseAddress: 0x0000000800000000, ArchiveRelocationMode: 0.
Compressed class space mapped at: 0x0000000801000000-0x0000000841000000, reserved size: 1073741824
Narrow klass base: 0x0000000800000000, Narrow klass shift: 0, Narrow klass range: 0x100000000

GC Precious Log:
 CardTable entry size: 512
 Card Set container configuration: InlinePtr #cards 4 size 8 Array Of Cards #cards 16 size 48 Howl #buckets 8 coarsen threshold 3686 Howl Bitmap #cards 512 size 80 coarsen threshold 460 Card regions per heap region 1 cards per card region 4096
 CPUs: 8 total, 8 available
 Memory: 16205M
 Large Page Support: Disabled
 NUMA Support: Disabled
 Compressed Oops: Enabled (Zero based)
 Heap Region Size: 2M
 Heap Min Capacity: 8M
 Heap Initial Capacity: 254M
 Heap Max Capacity: 4052M
 Pre-touch: Disabled
 Parallel Workers: 8
 Concurrent Workers: 2
 Concurrent Refinement Workers: 8
 Periodic GC: Disabled

Heap:
 garbage-first heap   total 260096K, used 57760K [0x0000000702c00000, 0x0000000800000000)
  region size 2048K, 28 young (57344K), 3 survivors (6144K)
 Metaspace       used 20764K, committed 21120K, reserved 1114112K
  class space    used 2883K, committed 3072K, reserved 1048576K

Heap Regions: E=young(eden), S=young(survivor), O=old, HS=humongous(starts), HC=humongous(continues), CS=collection set, F=free, OA=open archive, CA=closed archive, TAMS=top-at-mark-start, PB=parsable bottom
|   0|0x0000000702c00000, 0x0000000702c68000, 0x0000000702e00000| 20%| O|  |TAMS 0x0000000702c00000| PB 0x0000000702c00000| Untracked 
|   1|0x0000000702e00000, 0x0000000703000000, 0x0000000703000000|100%|HS|  |TAMS 0x0000000702e00000| PB 0x0000000702e00000| Complete 
|   2|0x0000000703000000, 0x0000000703000000, 0x0000000703200000|  0%| F|  |TAMS 0x0000000703000000| PB 0x0000000703000000| Untracked 
|   3|0x0000000703200000, 0x0000000703200000, 0x0000000703400000|  0%| F|  |TAMS 0x0000000703200000| PB 0x0000000703200000| Untracked 
|   4|0x0000000703400000, 0x0000000703400000, 0x0000000703600000|  0%| F|  |TAMS 0x0000000703400000| PB 0x0000000703400000| Untracked 
|   5|0x0000000703600000, 0x0000000703600000, 0x0000000703800000|  0%| F|  |TAMS 0x0000000703600000| PB 0x0000000703600000| Untracked 
|   6|0x0000000703800000, 0x0000000703800000, 0x0000000703a00000|  0%| F|  |TAMS 0x0000000703800000| PB 0x0000000703800000| Untracked 
|   7|0x0000000703a00000, 0x0000000703a00000, 0x0000000703c00000|  0%| F|  |TAMS 0x0000000703a00000| PB 0x0000000703a00000| Untracked 
|   8|0x0000000703c00000, 0x0000000703c00000, 0x0000000703e00000|  0%| F|  |TAMS 0x0000000703c00000| PB 0x0000000703c00000| Untracked 
|   9|0x0000000703e00000, 0x0000000703e00000, 0x0000000704000000|  0%| F|  |TAMS 0x0000000703e00000| PB 0x0000000703e00000| Untracked 
|  10|0x0000000704000000, 0x0000000704000000, 0x0000000704200000|  0%| F|  |TAMS 0x0000000704000000| PB 0x0000000704000000| Untracked 
|  11|0x0000000704200000, 0x0000000704200000, 0x0000000704400000|  0%| F|  |TAMS 0x0000000704200000| PB 0x0000000704200000| Untracked 
|  12|0x0000000704400000, 0x0000000704400000, 0x0000000704600000|  0%| F|  |TAMS 0x0000000704400000| PB 0x0000000704400000| Untracked 
|  13|0x0000000704600000, 0x0000000704600000, 0x0000000704800000|  0%| F|  |TAMS 0x0000000704600000| PB 0x0000000704600000| Untracked 
|  14|0x0000000704800000, 0x0000000704800000, 0x0000000704a00000|  0%| F|  |TAMS 0x0000000704800000| PB 0x0000000704800000| Untracked 
|  15|0x0000000704a00000, 0x0000000704a00000, 0x0000000704c00000|  0%| F|  |TAMS 0x0000000704a00000| PB 0x0000000704a00000| Untracked 
|  16|0x0000000704c00000, 0x0000000704c00000, 0x0000000704e00000|  0%| F|  |TAMS 0x0000000704c00000| PB 0x0000000704c00000| Untracked 
|  17|0x0000000704e00000, 0x0000000704e00000, 0x0000000705000000|  0%| F|  |TAMS 0x0000000704e00000| PB 0x0000000704e00000| Untracked 
|  18|0x0000000705000000, 0x0000000705000000, 0x0000000705200000|  0%| F|  |TAMS 0x0000000705000000| PB 0x0000000705000000| Untracked 
|  19|0x0000000705200000, 0x0000000705200000, 0x0000000705400000|  0%| F|  |TAMS 0x0000000705200000| PB 0x0000000705200000| Untracked 
|  20|0x0000000705400000, 0x0000000705400000, 0x0000000705600000|  0%| F|  |TAMS 0x0000000705400000| PB 0x0000000705400000| Untracked 
|  21|0x0000000705600000, 0x0000000705600000, 0x0000000705800000|  0%| F|  |TAMS 0x0000000705600000| PB 0x0000000705600000| Untracked 
|  22|0x0000000705800000, 0x0000000705800000, 0x0000000705a00000|  0%| F|  |TAMS 0x0000000705800000| PB 0x0000000705800000| Untracked 
|  23|0x0000000705a00000, 0x0000000705a00000, 0x0000000705c00000|  0%| F|  |TAMS 0x0000000705a00000| PB 0x0000000705a00000| Untracked 
|  24|0x0000000705c00000, 0x0000000705c00000, 0x0000000705e00000|  0%| F|  |TAMS 0x0000000705c00000| PB 0x0000000705c00000| Untracked 
|  25|0x0000000705e00000, 0x0000000705e00000, 0x0000000706000000|  0%| F|  |TAMS 0x0000000705e00000| PB 0x0000000705e00000| Untracked 
|  26|0x0000000706000000, 0x0000000706000000, 0x0000000706200000|  0%| F|  |TAMS 0x0000000706000000| PB 0x0000000706000000| Untracked 
|  27|0x0000000706200000, 0x0000000706200000, 0x0000000706400000|  0%| F|  |TAMS 0x0000000706200000| PB 0x0000000706200000| Untracked 
|  28|0x0000000706400000, 0x0000000706400000, 0x0000000706600000|  0%| F|  |TAMS 0x0000000706400000| PB 0x0000000706400000| Untracked 
|  29|0x0000000706600000, 0x0000000706600000, 0x0000000706800000|  0%| F|  |TAMS 0x0000000706600000| PB 0x0000000706600000| Untracked 
|  30|0x0000000706800000, 0x0000000706800000, 0x0000000706a00000|  0%| F|  |TAMS 0x0000000706800000| PB 0x0000000706800000| Untracked 
|  31|0x0000000706a00000, 0x0000000706a00000, 0x0000000706c00000|  0%| F|  |TAMS 0x0000000706a00000| PB 0x0000000706a00000| Untracked 
|  32|0x0000000706c00000, 0x0000000706c00000, 0x0000000706e00000|  0%| F|  |TAMS 0x0000000706c00000| PB 0x0000000706c00000| Untracked 
|  33|0x0000000706e00000, 0x0000000706e00000, 0x0000000707000000|  0%| F|  |TAMS 0x0000000706e00000| PB 0x0000000706e00000| Untracked 
|  34|0x0000000707000000, 0x0000000707000000, 0x0000000707200000|  0%| F|  |TAMS 0x0000000707000000| PB 0x0000000707000000| Untracked 
|  35|0x0000000707200000, 0x0000000707200000, 0x0000000707400000|  0%| F|  |TAMS 0x0000000707200000| PB 0x0000000707200000| Untracked 
|  36|0x0000000707400000, 0x0000000707400000, 0x0000000707600000|  0%| F|  |TAMS 0x0000000707400000| PB 0x0000000707400000| Untracked 
|  37|0x0000000707600000, 0x0000000707600000, 0x0000000707800000|  0%| F|  |TAMS 0x0000000707600000| PB 0x0000000707600000| Untracked 
|  38|0x0000000707800000, 0x0000000707800000, 0x0000000707a00000|  0%| F|  |TAMS 0x0000000707800000| PB 0x0000000707800000| Untracked 
|  39|0x0000000707a00000, 0x0000000707a00000, 0x0000000707c00000|  0%| F|  |TAMS 0x0000000707a00000| PB 0x0000000707a00000| Untracked 
|  40|0x0000000707c00000, 0x0000000707c00000, 0x0000000707e00000|  0%| F|  |TAMS 0x0000000707c00000| PB 0x0000000707c00000| Untracked 
|  41|0x0000000707e00000, 0x0000000707e00000, 0x0000000708000000|  0%| F|  |TAMS 0x0000000707e00000| PB 0x0000000707e00000| Untracked 
|  42|0x0000000708000000, 0x0000000708000000, 0x0000000708200000|  0%| F|  |TAMS 0x0000000708000000| PB 0x0000000708000000| Untracked 
|  43|0x0000000708200000, 0x0000000708200000, 0x0000000708400000|  0%| F|  |TAMS 0x0000000708200000| PB 0x0000000708200000| Untracked 
|  44|0x0000000708400000, 0x0000000708400000, 0x0000000708600000|  0%| F|  |TAMS 0x0000000708400000| PB 0x0000000708400000| Untracked 
|  45|0x0000000708600000, 0x0000000708600000, 0x0000000708800000|  0%| F|  |TAMS 0x0000000708600000| PB 0x0000000708600000| Untracked 
|  46|0x0000000708800000, 0x0000000708800000, 0x0000000708a00000|  0%| F|  |TAMS 0x0000000708800000| PB 0x0000000708800000| Untracked 
|  47|0x0000000708a00000, 0x0000000708a00000, 0x0000000708c00000|  0%| F|  |TAMS 0x0000000708a00000| PB 0x0000000708a00000| Untracked 
|  48|0x0000000708c00000, 0x0000000708c00000, 0x0000000708e00000|  0%| F|  |TAMS 0x0000000708c00000| PB 0x0000000708c00000| Untracked 
|  49|0x0000000708e00000, 0x0000000708e00000, 0x0000000709000000|  0%| F|  |TAMS 0x0000000708e00000| PB 0x0000000708e00000| Untracked 
|  50|0x0000000709000000, 0x0000000709000000, 0x0000000709200000|  0%| F|  |TAMS 0x0000000709000000| PB 0x0000000709000000| Untracked 
|  51|0x0000000709200000, 0x0000000709200000, 0x0000000709400000|  0%| F|  |TAMS 0x0000000709200000| PB 0x0000000709200000| Untracked 
|  52|0x0000000709400000, 0x0000000709400000, 0x0000000709600000|  0%| F|  |TAMS 0x0000000709400000| PB 0x0000000709400000| Untracked 
|  53|0x0000000709600000, 0x0000000709600000, 0x0000000709800000|  0%| F|  |TAMS 0x0000000709600000| PB 0x0000000709600000| Untracked 
|  54|0x0000000709800000, 0x0000000709800000, 0x0000000709a00000|  0%| F|  |TAMS 0x0000000709800000| PB 0x0000000709800000| Untracked 
|  55|0x0000000709a00000, 0x0000000709a00000, 0x0000000709c00000|  0%| F|  |TAMS 0x0000000709a00000| PB 0x0000000709a00000| Untracked 
|  56|0x0000000709c00000, 0x0000000709c00000, 0x0000000709e00000|  0%| F|  |TAMS 0x0000000709c00000| PB 0x0000000709c00000| Untracked 
|  57|0x0000000709e00000, 0x0000000709e00000, 0x000000070a000000|  0%| F|  |TAMS 0x0000000709e00000| PB 0x0000000709e00000| Untracked 
|  58|0x000000070a000000, 0x000000070a000000, 0x000000070a200000|  0%| F|  |TAMS 0x000000070a000000| PB 0x000000070a000000| Untracked 
|  59|0x000000070a200000, 0x000000070a200000, 0x000000070a400000|  0%| F|  |TAMS 0x000000070a200000| PB 0x000000070a200000| Untracked 
|  60|0x000000070a400000, 0x000000070a400000, 0x000000070a600000|  0%| F|  |TAMS 0x000000070a400000| PB 0x000000070a400000| Untracked 
|  61|0x000000070a600000, 0x000000070a600000, 0x000000070a800000|  0%| F|  |TAMS 0x000000070a600000| PB 0x000000070a600000| Untracked 
|  62|0x000000070a800000, 0x000000070a800000, 0x000000070aa00000|  0%| F|  |TAMS 0x000000070a800000| PB 0x000000070a800000| Untracked 
|  63|0x000000070aa00000, 0x000000070aa00000, 0x000000070ac00000|  0%| F|  |TAMS 0x000000070aa00000| PB 0x000000070aa00000| Untracked 
|  64|0x000000070ac00000, 0x000000070ac00000, 0x000000070ae00000|  0%| F|  |TAMS 0x000000070ac00000| PB 0x000000070ac00000| Untracked 
|  65|0x000000070ae00000, 0x000000070ae00000, 0x000000070b000000|  0%| F|  |TAMS 0x000000070ae00000| PB 0x000000070ae00000| Untracked 
|  66|0x000000070b000000, 0x000000070b000000, 0x000000070b200000|  0%| F|  |TAMS 0x000000070b000000| PB 0x000000070b000000| Untracked 
|  67|0x000000070b200000, 0x000000070b200000, 0x000000070b400000|  0%| F|  |TAMS 0x000000070b200000| PB 0x000000070b200000| Untracked 
|  68|0x000000070b400000, 0x000000070b400000, 0x000000070b600000|  0%| F|  |TAMS 0x000000070b400000| PB 0x000000070b400000| Untracked 
|  69|0x000000070b600000, 0x000000070b600000, 0x000000070b800000|  0%| F|  |TAMS 0x000000070b600000| PB 0x000000070b600000| Untracked 
|  70|0x000000070b800000, 0x000000070b800000, 0x000000070ba00000|  0%| F|  |TAMS 0x000000070b800000| PB 0x000000070b800000| Untracked 
|  71|0x000000070ba00000, 0x000000070ba00000, 0x000000070bc00000|  0%| F|  |TAMS 0x000000070ba00000| PB 0x000000070ba00000| Untracked 
|  72|0x000000070bc00000, 0x000000070bc00000, 0x000000070be00000|  0%| F|  |TAMS 0x000000070bc00000| PB 0x000000070bc00000| Untracked 
|  73|0x000000070be00000, 0x000000070be00000, 0x000000070c000000|  0%| F|  |TAMS 0x000000070be00000| PB 0x000000070be00000| Untracked 
|  74|0x000000070c000000, 0x000000070c000000, 0x000000070c200000|  0%| F|  |TAMS 0x000000070c000000| PB 0x000000070c000000| Untracked 
|  75|0x000000070c200000, 0x000000070c200000, 0x000000070c400000|  0%| F|  |TAMS 0x000000070c200000| PB 0x000000070c200000| Untracked 
|  76|0x000000070c400000, 0x000000070c400000, 0x000000070c600000|  0%| F|  |TAMS 0x000000070c400000| PB 0x000000070c400000| Untracked 
|  77|0x000000070c600000, 0x000000070c600000, 0x000000070c800000|  0%| F|  |TAMS 0x000000070c600000| PB 0x000000070c600000| Untracked 
|  78|0x000000070c800000, 0x000000070c800000, 0x000000070ca00000|  0%| F|  |TAMS 0x000000070c800000| PB 0x000000070c800000| Untracked 
|  79|0x000000070ca00000, 0x000000070ca00000, 0x000000070cc00000|  0%| F|  |TAMS 0x000000070ca00000| PB 0x000000070ca00000| Untracked 
|  80|0x000000070cc00000, 0x000000070cc00000, 0x000000070ce00000|  0%| F|  |TAMS 0x000000070cc00000| PB 0x000000070cc00000| Untracked 
|  81|0x000000070ce00000, 0x000000070ce00000, 0x000000070d000000|  0%| F|  |TAMS 0x000000070ce00000| PB 0x000000070ce00000| Untracked 
|  82|0x000000070d000000, 0x000000070d000000, 0x000000070d200000|  0%| F|  |TAMS 0x000000070d000000| PB 0x000000070d000000| Untracked 
|  83|0x000000070d200000, 0x000000070d200000, 0x000000070d400000|  0%| F|  |TAMS 0x000000070d200000| PB 0x000000070d200000| Untracked 
|  84|0x000000070d400000, 0x000000070d400000, 0x000000070d600000|  0%| F|  |TAMS 0x000000070d400000| PB 0x000000070d400000| Untracked 
|  85|0x000000070d600000, 0x000000070d600000, 0x000000070d800000|  0%| F|  |TAMS 0x000000070d600000| PB 0x000000070d600000| Untracked 
|  86|0x000000070d800000, 0x000000070d800000, 0x000000070da00000|  0%| F|  |TAMS 0x000000070d800000| PB 0x000000070d800000| Untracked 
|  87|0x000000070da00000, 0x000000070da00000, 0x000000070dc00000|  0%| F|  |TAMS 0x000000070da00000| PB 0x000000070da00000| Untracked 
|  88|0x000000070dc00000, 0x000000070dc00000, 0x000000070de00000|  0%| F|  |TAMS 0x000000070dc00000| PB 0x000000070dc00000| Untracked 
|  89|0x000000070de00000, 0x000000070de00000, 0x000000070e000000|  0%| F|  |TAMS 0x000000070de00000| PB 0x000000070de00000| Untracked 
|  90|0x000000070e000000, 0x000000070e000000, 0x000000070e200000|  0%| F|  |TAMS 0x000000070e000000| PB 0x000000070e000000| Untracked 
|  91|0x000000070e200000, 0x000000070e200000, 0x000000070e400000|  0%| F|  |TAMS 0x000000070e200000| PB 0x000000070e200000| Untracked 
|  92|0x000000070e400000, 0x000000070e400000, 0x000000070e600000|  0%| F|  |TAMS 0x000000070e400000| PB 0x000000070e400000| Untracked 
|  93|0x000000070e600000, 0x000000070e600000, 0x000000070e800000|  0%| F|  |TAMS 0x000000070e600000| PB 0x000000070e600000| Untracked 
|  94|0x000000070e800000, 0x000000070e800000, 0x000000070ea00000|  0%| F|  |TAMS 0x000000070e800000| PB 0x000000070e800000| Untracked 
|  95|0x000000070ea00000, 0x000000070ea00000, 0x000000070ec00000|  0%| F|  |TAMS 0x000000070ea00000| PB 0x000000070ea00000| Untracked 
|  96|0x000000070ec00000, 0x000000070ec00000, 0x000000070ee00000|  0%| F|  |TAMS 0x000000070ec00000| PB 0x000000070ec00000| Untracked 
|  97|0x000000070ee00000, 0x000000070ee00000, 0x000000070f000000|  0%| F|  |TAMS 0x000000070ee00000| PB 0x000000070ee00000| Untracked 
|  98|0x000000070f000000, 0x000000070f000000, 0x000000070f200000|  0%| F|  |TAMS 0x000000070f000000| PB 0x000000070f000000| Untracked 
|  99|0x000000070f200000, 0x000000070f400000, 0x000000070f400000|100%| E|  |TAMS 0x000000070f200000| PB 0x000000070f200000| Complete 
| 100|0x000000070f400000, 0x000000070f600000, 0x000000070f600000|100%| E|CS|TAMS 0x000000070f400000| PB 0x000000070f400000| Complete 
| 101|0x000000070f600000, 0x000000070f800000, 0x000000070f800000|100%| E|CS|TAMS 0x000000070f600000| PB 0x000000070f600000| Complete 
| 102|0x000000070f800000, 0x000000070fa00000, 0x000000070fa00000|100%| E|CS|TAMS 0x000000070f800000| PB 0x000000070f800000| Complete 
| 103|0x000000070fa00000, 0x000000070fc00000, 0x000000070fc00000|100%| S|CS|TAMS 0x000000070fa00000| PB 0x000000070fa00000| Complete 
| 104|0x000000070fc00000, 0x000000070fe00000, 0x000000070fe00000|100%| S|CS|TAMS 0x000000070fc00000| PB 0x000000070fc00000| Complete 
| 105|0x000000070fe00000, 0x0000000710000000, 0x0000000710000000|100%| S|CS|TAMS 0x000000070fe00000| PB 0x000000070fe00000| Complete 
| 106|0x0000000710000000, 0x0000000710200000, 0x0000000710200000|100%| E|CS|TAMS 0x0000000710000000| PB 0x0000000710000000| Complete 
| 107|0x0000000710200000, 0x0000000710400000, 0x0000000710400000|100%| E|CS|TAMS 0x0000000710200000| PB 0x0000000710200000| Complete 
| 108|0x0000000710400000, 0x0000000710600000, 0x0000000710600000|100%| E|CS|TAMS 0x0000000710400000| PB 0x0000000710400000| Complete 
| 109|0x0000000710600000, 0x0000000710800000, 0x0000000710800000|100%| E|CS|TAMS 0x0000000710600000| PB 0x0000000710600000| Complete 
| 110|0x0000000710800000, 0x0000000710a00000, 0x0000000710a00000|100%| E|CS|TAMS 0x0000000710800000| PB 0x0000000710800000| Complete 
| 111|0x0000000710a00000, 0x0000000710c00000, 0x0000000710c00000|100%| E|CS|TAMS 0x0000000710a00000| PB 0x0000000710a00000| Complete 
| 112|0x0000000710c00000, 0x0000000710e00000, 0x0000000710e00000|100%| E|CS|TAMS 0x0000000710c00000| PB 0x0000000710c00000| Complete 
| 113|0x0000000710e00000, 0x0000000711000000, 0x0000000711000000|100%| E|CS|TAMS 0x0000000710e00000| PB 0x0000000710e00000| Complete 
| 114|0x0000000711000000, 0x0000000711200000, 0x0000000711200000|100%| E|CS|TAMS 0x0000000711000000| PB 0x0000000711000000| Complete 
| 115|0x0000000711200000, 0x0000000711400000, 0x0000000711400000|100%| E|CS|TAMS 0x0000000711200000| PB 0x0000000711200000| Complete 
| 116|0x0000000711400000, 0x0000000711600000, 0x0000000711600000|100%| E|CS|TAMS 0x0000000711400000| PB 0x0000000711400000| Complete 
| 117|0x0000000711600000, 0x0000000711800000, 0x0000000711800000|100%| E|CS|TAMS 0x0000000711600000| PB 0x0000000711600000| Complete 
| 118|0x0000000711800000, 0x0000000711a00000, 0x0000000711a00000|100%| E|CS|TAMS 0x0000000711800000| PB 0x0000000711800000| Complete 
| 119|0x0000000711a00000, 0x0000000711c00000, 0x0000000711c00000|100%| E|CS|TAMS 0x0000000711a00000| PB 0x0000000711a00000| Complete 
| 120|0x0000000711c00000, 0x0000000711e00000, 0x0000000711e00000|100%| E|CS|TAMS 0x0000000711c00000| PB 0x0000000711c00000| Complete 
| 121|0x0000000711e00000, 0x0000000712000000, 0x0000000712000000|100%| E|CS|TAMS 0x0000000711e00000| PB 0x0000000711e00000| Complete 
| 122|0x0000000712000000, 0x0000000712200000, 0x0000000712200000|100%| E|CS|TAMS 0x0000000712000000| PB 0x0000000712000000| Complete 
| 123|0x0000000712200000, 0x0000000712400000, 0x0000000712400000|100%| E|CS|TAMS 0x0000000712200000| PB 0x0000000712200000| Complete 
| 124|0x0000000712400000, 0x0000000712600000, 0x0000000712600000|100%| E|CS|TAMS 0x0000000712400000| PB 0x0000000712400000| Complete 
| 125|0x0000000712600000, 0x0000000712800000, 0x0000000712800000|100%| E|CS|TAMS 0x0000000712600000| PB 0x0000000712600000| Complete 
| 126|0x0000000712800000, 0x0000000712a00000, 0x0000000712a00000|100%| E|CS|TAMS 0x0000000712800000| PB 0x0000000712800000| Complete 

Card table byte_map: [0x00000169f4f10000,0x00000169f5700000] _byte_map_base: 0x00000169f16fa000

Marking Bits: (CMBitMap*) 0x00000169ec39fa90
 Bits: [0x00000169f5ef0000, 0x00000169f9e40000)

Polling page: 0x00000169ea2b0000

Metaspace:

Usage:
  Non-class:     17.46 MB used.
      Class:      2.82 MB used.
       Both:     20.28 MB used.

Virtual space:
  Non-class space:       64.00 MB reserved,      17.62 MB ( 28%) committed,  1 nodes.
      Class space:        1.00 GB reserved,       3.00 MB ( <1%) committed,  1 nodes.
             Both:        1.06 GB reserved,      20.62 MB (  2%) committed. 

Chunk freelists:
   Non-Class:  1.94 MB
       Class:  992.00 KB
        Both:  2.91 MB

MaxMetaspaceSize: unlimited
CompressedClassSpaceSize: 1.00 GB
Initial GC threshold: 21.00 MB
Current GC threshold: 21.00 MB
CDS: on
MetaspaceReclaimPolicy: balanced
 - commit_granule_bytes: 65536.
 - commit_granule_words: 8192.
 - virtual_space_node_default_size: 8388608.
 - enlarge_chunks_in_place: 1.
 - new_chunks_are_fully_committed: 0.
 - uncommit_free_chunks: 1.
 - use_allocation_guard: 0.


Internal statistics:

num_allocs_failed_limit: 0.
num_arena_births: 386.
num_arena_deaths: 0.
num_vsnodes_births: 2.
num_vsnodes_deaths: 0.
num_space_committed: 330.
num_space_uncommitted: 0.
num_chunks_returned_to_freelist: 0.
num_chunks_taken_from_freelist: 1049.
num_chunk_merges: 0.
num_chunk_splits: 726.
num_chunks_enlarged: 547.
num_inconsistent_stats: 0.

CodeHeap 'non-profiled nmethods': size=120000Kb used=1533Kb max_used=1533Kb free=118466Kb
 bounds [0x0000016987ad0000, 0x0000016987d40000, 0x000001698f000000]
CodeHeap 'profiled nmethods': size=120000Kb used=5783Kb max_used=5783Kb free=114217Kb
 bounds [0x0000016980000000, 0x00000169805b0000, 0x0000016987530000]
CodeHeap 'non-nmethods': size=5760Kb used=1998Kb max_used=2012Kb free=3761Kb
 bounds [0x0000016987530000, 0x00000169877a0000, 0x0000016987ad0000]
 total_blobs=3867 nmethods=2987 adapters=789
 compilation: enabled
              stopped_count=0, restarted_count=0
 full_count=0

Compilation events (20 events):
Event: 56.990 Thread 0x00000169fc882890 2979       4       com.sun.marlin.Renderer::closePath (61 bytes)
Event: 56.990 Thread 0x00000169fc882890 nmethod 2979 0x0000016987c4dd10 code [0x0000016987c4de80, 0x0000016987c4df70]
Event: 57.085 Thread 0x00000169fc8885d0 2980       1       com.sun.prism.PresentableState::getWindow (5 bytes)
Event: 57.085 Thread 0x00000169fc8885d0 nmethod 2980 0x0000016987c4e010 code [0x0000016987c4e180, 0x0000016987c4e250]
Event: 57.085 Thread 0x00000169fc8885d0 2981       3       com.sun.glass.ui.View::checkNotClosed (20 bytes)
Event: 57.085 Thread 0x00000169fc8885d0 nmethod 2981 0x00000169805a4a90 code [0x00000169805a4c40, 0x00000169805a4e80]
Event: 57.085 Thread 0x00000169fc8885d0 2982       1       com.sun.prism.PresentableState::getRenderScaleX (5 bytes)
Event: 57.085 Thread 0x00000169fc8885d0 nmethod 2982 0x0000016987c4e310 code [0x0000016987c4e480, 0x0000016987c4e548]
Event: 57.085 Thread 0x00000169fc8885d0 2983       1       com.sun.prism.PresentableState::getRenderScaleY (5 bytes)
Event: 57.085 Thread 0x00000169fc8885d0 nmethod 2983 0x0000016987c4e610 code [0x0000016987c4e780, 0x0000016987c4e848]
Event: 57.085 Thread 0x00000169fc8885d0 2984       3       com.sun.javafx.geom.RectBounds::intersectWith (86 bytes)
Event: 57.085 Thread 0x00000169fc8885d0 nmethod 2984 0x00000169805a4f90 code [0x00000169805a5180, 0x00000169805a56f0]
Event: 57.085 Thread 0x00000169fc882890 2985       4       com.sun.marlin.TransformingPathConsumer2D$PathClipFilter::_closePath (88 bytes)
Event: 57.086 Thread 0x00000169fc882890 nmethod 2985 0x0000016987c4e910 code [0x0000016987c4eaa0, 0x0000016987c4ecc0]
Event: 57.296 Thread 0x00000169fc8885d0 2986       3       java.util.concurrent.ThreadPoolExecutor::runStateAtLeast (11 bytes)
Event: 57.296 Thread 0x00000169fc8885d0 nmethod 2986 0x00000169805a5890 code [0x00000169805a5a20, 0x00000169805a5b68]
Event: 57.597 Thread 0x00000169fc8885d0 2987       1       com.sun.prism.PresentableState::getView (5 bytes)
Event: 57.597 Thread 0x00000169fc8885d0 nmethod 2987 0x0000016987c4ee90 code [0x0000016987c4f000, 0x0000016987c4f0d0]
Event: 57.597 Thread 0x00000169fc8885d0 2988       1       com.sun.prism.PresentableState::isViewClosed (5 bytes)
Event: 57.597 Thread 0x00000169fc8885d0 nmethod 2988 0x0000016987c4f190 code [0x0000016987c4f300, 0x0000016987c4f3d0]

GC Heap History (4 events):
Event: 0.941 GC heap before
{Heap before GC invocations=0 (full 0):
 garbage-first heap   total 260096K, used 22528K [0x0000000702c00000, 0x0000000800000000)
  region size 2048K, 11 young (22528K), 0 survivors (0K)
 Metaspace       used 4480K, committed 4736K, reserved 1114112K
  class space    used 465K, committed 576K, reserved 1048576K
}
Event: 0.944 GC heap after
{Heap after GC invocations=1 (full 0):
 garbage-first heap   total 260096K, used 2602K [0x0000000702c00000, 0x0000000800000000)
  region size 2048K, 2 young (4096K), 2 survivors (4096K)
 Metaspace       used 4480K, committed 4736K, reserved 1114112K
  class space    used 465K, committed 576K, reserved 1048576K
}
Event: 1.522 GC heap before
{Heap before GC invocations=1 (full 0):
 garbage-first heap   total 260096K, used 39466K [0x0000000702c00000, 0x0000000800000000)
  region size 2048K, 21 young (43008K), 2 survivors (4096K)
 Metaspace       used 13934K, committed 14272K, reserved 1114112K
  class space    used 2091K, committed 2240K, reserved 1048576K
}
Event: 1.527 GC heap after
{Heap after GC invocations=2 (full 0):
 garbage-first heap   total 260096K, used 6560K [0x0000000702c00000, 0x0000000800000000)
  region size 2048K, 3 young (6144K), 3 survivors (6144K)
 Metaspace       used 13934K, committed 14272K, reserved 1114112K
  class space    used 2091K, committed 2240K, reserved 1048576K
}

Dll operation events (20 events):
Event: 0.701 Loaded shared library C:\Users\ledey\.openjfx\cache\20-ea+4\amd64\api-ms-win-crt-locale-l1-1-0.dll
Event: 0.704 Loaded shared library C:\Users\ledey\.openjfx\cache\20-ea+4\amd64\api-ms-win-crt-math-l1-1-0.dll
Event: 0.706 Loaded shared library C:\Users\ledey\.openjfx\cache\20-ea+4\amd64\api-ms-win-crt-multibyte-l1-1-0.dll
Event: 0.709 Loaded shared library C:\Users\ledey\.openjfx\cache\20-ea+4\amd64\api-ms-win-crt-private-l1-1-0.dll
Event: 0.712 Loaded shared library C:\Users\ledey\.openjfx\cache\20-ea+4\amd64\api-ms-win-crt-process-l1-1-0.dll
Event: 0.714 Loaded shared library C:\Users\ledey\.openjfx\cache\20-ea+4\amd64\api-ms-win-crt-runtime-l1-1-0.dll
Event: 0.717 Loaded shared library C:\Users\ledey\.openjfx\cache\20-ea+4\amd64\api-ms-win-crt-stdio-l1-1-0.dll
Event: 0.719 Loaded shared library C:\Users\ledey\.openjfx\cache\20-ea+4\amd64\api-ms-win-crt-string-l1-1-0.dll
Event: 0.725 Loaded shared library C:\Users\ledey\.openjfx\cache\20-ea+4\amd64\api-ms-win-crt-time-l1-1-0.dll
Event: 0.728 Loaded shared library C:\Users\ledey\.openjfx\cache\20-ea+4\amd64\api-ms-win-crt-utility-l1-1-0.dll
Event: 0.740 Loaded shared library C:\Users\ledey\.openjfx\cache\20-ea+4\amd64\ucrtbase.dll
Event: 0.744 Loaded shared library C:\Users\ledey\.openjfx\cache\20-ea+4\amd64\vcruntime140.dll
Event: 0.746 Loaded shared library C:\Users\ledey\.openjfx\cache\20-ea+4\amd64\vcruntime140_1.dll
Event: 0.753 Loaded shared library C:\Users\ledey\.openjfx\cache\20-ea+4\amd64\msvcp140.dll
Event: 0.755 Loaded shared library C:\Users\ledey\.openjfx\cache\20-ea+4\amd64\msvcp140_1.dll
Event: 0.758 Loaded shared library C:\Users\ledey\.openjfx\cache\20-ea+4\amd64\msvcp140_2.dll
Event: 0.796 Loaded shared library C:\Users\ledey\.openjfx\cache\20-ea+4\amd64\prism_d3d.dll
Event: 0.836 Loaded shared library C:\Users\ledey\.openjfx\cache\20-ea+4\amd64\glass.dll
Event: 0.982 Loaded shared library A:\jdk\bin\jimage.dll
Event: 1.104 Loaded shared library C:\Users\ledey\.openjfx\cache\20-ea+4\amd64\javafx_font.dll

Deoptimization events (20 events):
Event: 41.605 Thread 0x00000169fd238400 Uncommon trap: trap_request=0xffffff45 fr.pc=0x0000016987be1574 relative=0x0000000000006ef4
Event: 41.605 Thread 0x00000169fd238400 Uncommon trap: reason=unstable_if action=reinterpret pc=0x0000016987be1574 method=com.sun.marlin.Renderer._endRendering(IILcom/sun/marlin/MarlinAlphaConsumer;)V @ 1116 c2
Event: 41.605 Thread 0x00000169fd238400 DEOPT PACKING pc=0x0000016987be1574 sp=0x0000001b28dfd150
Event: 41.605 Thread 0x00000169fd238400 DEOPT UNPACKING pc=0x0000016987599d22 sp=0x0000001b28dfd0e8 mode 2
Event: 42.868 Thread 0x00000169fd238400 DEOPT PACKING pc=0x00000169804dfe3e sp=0x0000001b28dfd350
Event: 42.868 Thread 0x00000169fd238400 DEOPT UNPACKING pc=0x000001698759a4c2 sp=0x0000001b28dfc830 mode 0
Event: 43.175 Thread 0x00000169fd238400 DEOPT PACKING pc=0x00000169804dfe3e sp=0x0000001b28dfd350
Event: 43.175 Thread 0x00000169fd238400 DEOPT UNPACKING pc=0x000001698759a4c2 sp=0x0000001b28dfc830 mode 0
Event: 48.032 Thread 0x00000169fd238400 Uncommon trap: trap_request=0xffffff45 fr.pc=0x0000016987c43eb0 relative=0x00000000000000b0
Event: 48.032 Thread 0x00000169fd238400 Uncommon trap: reason=unstable_if action=reinterpret pc=0x0000016987c43eb0 method=java.lang.Math.round(F)I @ 36 c2
Event: 48.032 Thread 0x00000169fd238400 DEOPT PACKING pc=0x0000016987c43eb0 sp=0x0000001b28dfc2f0
Event: 48.032 Thread 0x00000169fd238400 DEOPT UNPACKING pc=0x0000016987599d22 sp=0x0000001b28dfc278 mode 2
Event: 48.033 Thread 0x00000169fd238400 Uncommon trap: trap_request=0xffffff45 fr.pc=0x0000016987c0cae4 relative=0x00000000000000e4
Event: 48.033 Thread 0x00000169fd238400 Uncommon trap: reason=unstable_if action=reinterpret pc=0x0000016987c0cae4 method=java.lang.Math.round(D)J @ 48 c2
Event: 48.033 Thread 0x00000169fd238400 DEOPT PACKING pc=0x0000016987c0cae4 sp=0x0000001b28dfc6f0
Event: 48.033 Thread 0x00000169fd238400 DEOPT UNPACKING pc=0x0000016987599d22 sp=0x0000001b28dfc660 mode 2
Event: 64.840 Thread 0x00000169fd238400 DEOPT PACKING pc=0x000001698045bdcc sp=0x0000001b28dfed70
Event: 64.840 Thread 0x00000169fd238400 DEOPT UNPACKING pc=0x000001698759a4c2 sp=0x0000001b28dfe2a8 mode 1
Event: 64.840 Thread 0x00000169fcf21ab0 DEOPT PACKING pc=0x00000169801b87b4 sp=0x0000001b288ff550
Event: 64.840 Thread 0x00000169fcf21ab0 DEOPT UNPACKING pc=0x000001698759a4c2 sp=0x0000001b288fe9b0 mode 1

Classes loaded (20 events):
Event: 50.527 Loading class sun/text/resources/cldr/FormatData_en_US
Event: 50.527 Loading class sun/text/resources/cldr/FormatData_en_US done
Event: 50.549 Loading class java/util/concurrent/atomic/AtomicReferenceFieldUpdater
Event: 50.550 Loading class java/util/concurrent/atomic/AtomicReferenceFieldUpdater done
Event: 50.550 Loading class java/util/concurrent/atomic/AtomicReferenceFieldUpdater$AtomicReferenceFieldUpdaterImpl
Event: 50.550 Loading class java/util/concurrent/atomic/AtomicReferenceFieldUpdater$AtomicReferenceFieldUpdaterImpl done
Event: 50.550 Loading class java/util/concurrent/atomic/AtomicReferenceFieldUpdater$AtomicReferenceFieldUpdaterImpl$1
Event: 50.550 Loading class java/util/concurrent/atomic/AtomicReferenceFieldUpdater$AtomicReferenceFieldUpdaterImpl$1 done
Event: 50.550 Loading class sun/reflect/misc/ReflectUtil
Event: 50.550 Loading class sun/reflect/misc/ReflectUtil done
Event: 50.552 Loading class java/lang/Throwable$WrappedPrintStream
Event: 50.552 Loading class java/lang/Throwable$PrintStreamOrWriter
Event: 50.552 Loading class java/lang/Throwable$PrintStreamOrWriter done
Event: 50.552 Loading class java/lang/Throwable$WrappedPrintStream done
Event: 64.838 Loading class jdk/internal/misc/Signal$1
Event: 64.838 Loading class jdk/internal/misc/Signal$1 done
Event: 64.839 Loading class com/sun/javafx/tk/quantum/QuantumRenderer
Event: 64.839 Loading class com/sun/javafx/tk/quantum/QuantumRenderer done
Event: 64.840 Loading class com/sun/javafx/tk/quantum/QuantumToolkit
Event: 64.840 Loading class com/sun/javafx/tk/quantum/QuantumToolkit done

Classes unloaded (0 events):
No events

Classes redefined (0 events):
No events

Internal exceptions (20 events):
Event: 1.511 Thread 0x00000169fd5c3f80 Exception <a 'java/lang/NoSuchMethodError'{0x00000007101b2ea0}: 'int java.lang.invoke.DirectMethodHandle$Holder.invokeSpecial(java.lang.Object, java.lang.Object, int)'> (0x00000007101b2ea0) 
thrown [s\open\src\hotspot\share\interpreter\linkResolver.cpp, line 773]
Event: 1.516 Thread 0x00000169fd5c3f80 Exception <a 'java/lang/NoSuchMethodError'{0x00000007101e6888}: 'java.lang.Object java.lang.invoke.DirectMethodHandle$Holder.newInvokeSpecial(java.lang.Object, java.lang.Object, int)'> (0x00000007101e6888) 
thrown [s\open\src\hotspot\share\interpreter\linkResolver.cpp, line 773]
Event: 1.536 Thread 0x00000169fd238400 Exception <a 'java/lang/NoSuchMethodError'{0x0000000712950460}: 'int java.lang.invoke.DirectMethodHandle$Holder.invokeStaticInit(java.lang.Object, java.lang.Object)'> (0x0000000712950460) 
thrown [s\open\src\hotspot\share\interpreter\linkResolver.cpp, line 773]
Event: 1.549 Thread 0x00000169fd5c3f80 Exception <a 'java/lang/NoSuchMethodError'{0x000000071284b8a0}: 'long java.lang.invoke.DirectMethodHandle$Holder.invokeStatic(java.lang.Object, java.lang.Object, java.lang.Object)'> (0x000000071284b8a0) 
thrown [s\open\src\hotspot\share\interpreter\linkResolver.cpp, line 773]
Event: 1.549 Thread 0x00000169fd5c3f80 Exception <a 'java/lang/NoSuchMethodError'{0x000000071284ec70}: 'long java.lang.invoke.DirectMethodHandle$Holder.invokeStaticInit(java.lang.Object, java.lang.Object, java.lang.Object)'> (0x000000071284ec70) 
thrown [s\open\src\hotspot\share\interpreter\linkResolver.cpp, line 773]
Event: 1.551 Thread 0x00000169fd5c3f80 Exception <a 'java/lang/NoSuchMethodError'{0x0000000712866cc8}: 'java.lang.Object java.lang.invoke.DirectMethodHandle$Holder.newInvokeSpecial(java.lang.Object, java.lang.Object, long)'> (0x0000000712866cc8) 
thrown [s\open\src\hotspot\share\interpreter\linkResolver.cpp, line 773]
Event: 1.551 Thread 0x00000169fd5c3f80 Exception <a 'java/lang/NoSuchMethodError'{0x000000071286a5c0}: 'java.lang.Object java.lang.invoke.Invokers$Holder.linkToTargetMethod(java.lang.Object, long, java.lang.Object)'> (0x000000071286a5c0) 
thrown [s\open\src\hotspot\share\interpreter\linkResolver.cpp, line 773]
Event: 11.835 Thread 0x00000169fd5c3f80 Exception <a 'java/lang/IncompatibleClassChangeError'{0x00000007120d1d88}: Found class java.lang.Object, but interface was expected> (0x00000007120d1d88) 
thrown [s\open\src\hotspot\share\interpreter\linkResolver.cpp, line 840]
Event: 33.027 Thread 0x00000169fd5c3f80 Exception <a 'java/lang/ClassNotFoundException'{0x0000000712106db0}: com/sun/javafx/scene/control/skin/resources/controls-nt> (0x0000000712106db0) 
thrown [s\open\src\hotspot\share\prims\jni.cpp, line 538]
Event: 33.028 Thread 0x00000169fd5c3f80 Exception <a 'java/lang/ClassNotFoundException'{0x000000071210f488}: com/sun/javafx/scene/control/skin/resources/controls-nt_ru> (0x000000071210f488) 
thrown [s\open\src\hotspot\share\prims\jni.cpp, line 538]
Event: 33.028 Thread 0x00000169fd5c3f80 Exception <a 'java/lang/ClassNotFoundException'{0x0000000712110710}: com/sun/javafx/scene/control/skin/resources/controls-nt_ru_RU> (0x0000000712110710) 
thrown [s\open\src\hotspot\share\prims\jni.cpp, line 538]
Event: 34.643 Thread 0x00000169fd5c3f80 Exception <a 'java/lang/NoSuchMethodError'{0x0000000711f05660}: 'void java.lang.invoke.DirectMethodHandle$Holder.invokeSpecialIFC(java.lang.Object, java.lang.Object, java.lang.Object, java.lang.Object)'> (0x0000000711f05660) 
thrown [s\open\src\hotspot\share\interpreter\linkResolver.cpp, line 773]
Event: 38.349 Thread 0x00000169fd5c3f80 Exception <a 'java/lang/NoSuchMethodError'{0x0000000711da2bf0}: 'java.lang.Object java.lang.invoke.DirectMethodHandle$Holder.newInvokeSpecial(java.lang.Object, java.lang.Object, int, int, int, int, int, java.lang.Object)'> (0x0000000711da2bf0) 
thrown [s\open\src\hotspot\share\interpreter\linkResolver.cpp, line 773]
Event: 38.356 Thread 0x00000169fd5c3f80 Exception <a 'java/lang/NoSuchMethodError'{0x0000000711dc8110}: 'java.lang.Object java.lang.invoke.DirectMethodHandle$Holder.newInvokeSpecial(java.lang.Object, java.lang.Object, java.lang.Object, int, int, int, int, int)'> (0x0000000711dc8110) 
thrown [s\open\src\hotspot\share\interpreter\linkResolver.cpp, line 773]
Event: 38.359 Thread 0x00000169fd5c3f80 Exception <a 'java/lang/NoSuchMethodError'{0x0000000711dcf9b0}: 'java.lang.Object java.lang.invoke.Invokers$Holder.linkToTargetMethod(java.lang.Object, java.lang.Object, int, int, int, int, int, java.lang.Object)'> (0x0000000711dcf9b0) 
thrown [s\open\src\hotspot\share\interpreter\linkResolver.cpp, line 773]
Event: 44.686 Thread 0x00000169fd238400 Exception <a 'java/lang/NoSuchMethodError'{0x0000000711bd7508}: 'java.lang.Object java.lang.invoke.DirectMethodHandle$Holder.invokeStaticInit(java.lang.Object, int)'> (0x0000000711bd7508) 
thrown [s\open\src\hotspot\share\interpreter\linkResolver.cpp, line 773]
Event: 50.050 Thread 0x00000169fd5c3f80 Exception <a 'sun/nio/fs/WindowsException'{0x0000000710b343d0}> (0x0000000710b343d0) 
thrown [s\open\src\hotspot\share\prims\jni.cpp, line 519]
Event: 50.104 Thread 0x00000169fd5c3f80 Exception <a 'java/lang/NoSuchMethodError'{0x00000007108eca50}: 'java.lang.Object java.lang.invoke.DirectMethodHandle$Holder.invokeVirtual(java.lang.Object, java.lang.Object, java.lang.Object)'> (0x00000007108eca50) 
thrown [s\open\src\hotspot\share\interpreter\linkResolver.cpp, line 773]
Event: 50.267 Thread 0x00000169fd5c3f80 Exception <a 'sun/nio/fs/WindowsException'{0x000000071051e2c8}> (0x000000071051e2c8) 
thrown [s\open\src\hotspot\share\prims\jni.cpp, line 519]
Event: 50.276 Thread 0x00000169fd5c3f80 Exception <a 'java/lang/ClassNotFoundException'{0x000000071054a0b0}: jdk/net/ExtendedSocketOptions> (0x000000071054a0b0) 
thrown [s\open\src\hotspot\share\classfile\systemDictionary.cpp, line 305]

VM Operations (20 events):
Event: 50.342 Executing VM operation: HandshakeAllThreads done
Event: 51.341 Executing VM operation: Cleanup
Event: 51.341 Executing VM operation: Cleanup done
Event: 56.343 Executing VM operation: Cleanup
Event: 56.343 Executing VM operation: Cleanup done
Event: 57.344 Executing VM operation: Cleanup
Event: 57.344 Executing VM operation: Cleanup done
Event: 58.344 Executing VM operation: Cleanup
Event: 58.344 Executing VM operation: Cleanup done
Event: 60.936 Executing VM operation: get/set locals
Event: 60.936 Executing VM operation: get/set locals done
Event: 60.936 Executing VM operation: get/set locals
Event: 60.936 Executing VM operation: get/set locals done
Event: 64.801 Executing VM operation: ChangeBreakpoints
Event: 64.801 Executing VM operation: ChangeBreakpoints done
Event: 64.801 Executing VM operation: ChangeBreakpoints
Event: 64.801 Executing VM operation: ChangeBreakpoints done
Event: 64.801 Executing VM operation: ChangeBreakpoints
Event: 64.801 Executing VM operation: ChangeBreakpoints done
Event: 64.840 Executing VM operation: Exit

Events (20 events):
Event: 0.530 Thread 0x00000169fcb21770 Thread added: 0x00000169fcb21770
Event: 0.538 Thread 0x00000169fd0af560 Thread added: 0x00000169fd0af560
Event: 0.638 Thread 0x00000169fd3dd250 Thread added: 0x00000169fd3dd250
Event: 0.789 Thread 0x00000169fd238400 Thread added: 0x00000169fd238400
Event: 0.845 Thread 0x00000169fd588ab0 Thread added: 0x00000169fd588ab0
Event: 0.849 Thread 0x00000169fd5c3f80 Thread added: 0x00000169fd5c3f80
Event: 0.955 Thread 0x00000169fdb70d10 Thread added: 0x00000169fdb70d10
Event: 0.958 Thread 0x00000169fdb775e0 Thread added: 0x00000169fdb775e0
Event: 1.262 Thread 0x00000169fe366670 Thread added: 0x00000169fe366670
Event: 1.555 Thread 0x00000169fdf3d060 Thread added: 0x00000169fdf3d060
Event: 1.835 Thread 0x00000169fd3dd250 Thread exited: 0x00000169fd3dd250
Event: 1.930 Thread 0x00000169fd0af560 Thread exited: 0x00000169fd0af560
Event: 50.042 Thread 0x00000169fcf23a90 Thread added: 0x00000169fcf23a90
Event: 64.801 Thread 0x00000169fcd31930 Thread exited: 0x00000169fcd31930
Event: 64.804 Thread 0x00000169fcf4ff10 Thread exited: 0x00000169fcf4ff10
Event: 64.838 Thread 0x00000169fcf22000 Thread added: 0x00000169fcf22000
Event: 64.839 Thread 0x00000169fcf24530 Thread added: 0x00000169fcf24530
Event: 64.839 Thread 0x00000169fcf21ab0 Thread added: 0x00000169fcf21ab0
Event: 64.839 Thread 0x00000169fcf24530 Thread exited: 0x00000169fcf24530
Event: 64.840 Thread 0x00000169fcf21ab0 Thread exited: 0x00000169fcf21ab0


Dynamic libraries:
0x00007ff7de400000 - 0x00007ff7de40e000 	A:\jdk\bin\java.exe
0x00007fff8fff0000 - 0x00007fff901e8000 	C:\Windows\SYSTEM32\ntdll.dll
0x00007fff8f340000 - 0x00007fff8f3ff000 	C:\Windows\System32\KERNEL32.DLL
0x00007fff8db60000 - 0x00007fff8de56000 	C:\Windows\System32\KERNELBASE.dll
0x00007fff8de90000 - 0x00007fff8df90000 	C:\Windows\System32\ucrtbase.dll
0x00007fff62ee0000 - 0x00007fff62ef7000 	A:\jdk\bin\jli.dll
0x00007fff64260000 - 0x00007fff6427b000 	A:\jdk\bin\VCRUNTIME140.dll
0x00007fff8faa0000 - 0x00007fff8fc3d000 	C:\Windows\System32\USER32.dll
0x00007fff8df90000 - 0x00007fff8dfb2000 	C:\Windows\System32\win32u.dll
0x00007fff743a0000 - 0x00007fff7463a000 	C:\Windows\WinSxS\amd64_microsoft.windows.common-controls_6595b64144ccf1df_6.0.19041.1110_none_60b5254171f9507e\COMCTL32.dll
0x00007fff8f800000 - 0x00007fff8f82c000 	C:\Windows\System32\GDI32.dll
0x00007fff8e550000 - 0x00007fff8e5ee000 	C:\Windows\System32\msvcrt.dll
0x00007fff8d8e0000 - 0x00007fff8d9f5000 	C:\Windows\System32\gdi32full.dll
0x00007fff8d790000 - 0x00007fff8d82d000 	C:\Windows\System32\msvcp_win.dll
0x00007fff8fcb0000 - 0x00007fff8fce0000 	C:\Windows\System32\IMM32.DLL
0x00007fff62ed0000 - 0x00007fff62edc000 	A:\jdk\bin\vcruntime140_1.dll
0x00007fff5b6e0000 - 0x00007fff5b76e000 	A:\jdk\bin\msvcp140.dll
0x00007fff1dbb0000 - 0x00007fff1e847000 	A:\jdk\bin\server\jvm.dll
0x00007fff8f100000 - 0x00007fff8f1af000 	C:\Windows\System32\ADVAPI32.dll
0x00007fff8fd80000 - 0x00007fff8fe1c000 	C:\Windows\System32\sechost.dll
0x00007fff8f210000 - 0x00007fff8f336000 	C:\Windows\System32\RPCRT4.dll
0x00007fff6e6d0000 - 0x00007fff6e6f7000 	C:\Windows\SYSTEM32\WINMM.dll
0x00007fff852e0000 - 0x00007fff852ea000 	C:\Windows\SYSTEM32\VERSION.dll
0x00007fff873a0000 - 0x00007fff873a9000 	C:\Windows\SYSTEM32\WSOCK32.dll
0x00007fff8fc40000 - 0x00007fff8fcab000 	C:\Windows\System32\WS2_32.dll
0x00007fff8b590000 - 0x00007fff8b5a2000 	C:\Windows\SYSTEM32\kernel.appcore.dll
0x00007fff62ec0000 - 0x00007fff62eca000 	A:\jdk\bin\jimage.dll
0x00007fff7ce10000 - 0x00007fff7cff4000 	C:\Windows\SYSTEM32\DBGHELP.DLL
0x00007fff78dd0000 - 0x00007fff78e04000 	C:\Windows\SYSTEM32\dbgcore.DLL
0x00007fff8dfc0000 - 0x00007fff8e042000 	C:\Windows\System32\bcryptPrimitives.dll
0x00007fff81dc0000 - 0x00007fff81dfc000 	A:\jdk\bin\jdwp.dll
0x00007fff89ce0000 - 0x00007fff89cee000 	A:\jdk\bin\instrument.dll
0x00007fff62e90000 - 0x00007fff62eb6000 	A:\jdk\bin\java.dll
0x00007fff62260000 - 0x00007fff62278000 	A:\jdk\bin\zip.dll
0x00007fff587d0000 - 0x00007fff588a7000 	A:\jdk\bin\jsvml.dll
0x00007fff8e950000 - 0x00007fff8f094000 	C:\Windows\System32\SHELL32.dll
0x00007fff8b790000 - 0x00007fff8bf23000 	C:\Windows\SYSTEM32\windows.storage.dll
0x00007fff8e5f0000 - 0x00007fff8e944000 	C:\Windows\System32\combase.dll
0x00007fff8d130000 - 0x00007fff8d15e000 	C:\Windows\SYSTEM32\Wldp.dll
0x00007fff8f580000 - 0x00007fff8f62d000 	C:\Windows\System32\SHCORE.dll
0x00007fff8f400000 - 0x00007fff8f455000 	C:\Windows\System32\shlwapi.dll
0x00007fff8d610000 - 0x00007fff8d62f000 	C:\Windows\SYSTEM32\profapi.dll
0x00007fff620d0000 - 0x00007fff620e3000 	A:\jdk\bin\net.dll
0x00007fff86c20000 - 0x00007fff86d2a000 	C:\Windows\SYSTEM32\WINHTTP.dll
0x00007fff8ce90000 - 0x00007fff8cefa000 	C:\Windows\system32\mswsock.dll
0x00007fff62a30000 - 0x00007fff62a46000 	A:\jdk\bin\nio.dll
0x00007fff86650000 - 0x00007fff8665c000 	A:\jdk\bin\dt_socket.dll
0x00007fff8cb30000 - 0x00007fff8cb6c000 	C:\Windows\SYSTEM32\IPHLPAPI.DLL
0x00000169ea2f0000 - 0x00000169ea2f3000 	C:\Users\ledey\.openjfx\cache\20-ea+4\amd64\api-ms-win-core-console-l1-1-0.dll
0x00000169ea300000 - 0x00000169ea303000 	C:\Users\ledey\.openjfx\cache\20-ea+4\amd64\api-ms-win-core-console-l1-2-0.dll
0x00000169ea310000 - 0x00000169ea313000 	C:\Users\ledey\.openjfx\cache\20-ea+4\amd64\api-ms-win-core-datetime-l1-1-0.dll
0x00000169ea320000 - 0x00000169ea323000 	C:\Users\ledey\.openjfx\cache\20-ea+4\amd64\api-ms-win-core-debug-l1-1-0.dll
0x00000169ea330000 - 0x00000169ea333000 	C:\Users\ledey\.openjfx\cache\20-ea+4\amd64\api-ms-win-core-errorhandling-l1-1-0.dll
0x00000169ea340000 - 0x00000169ea344000 	C:\Users\ledey\.openjfx\cache\20-ea+4\amd64\api-ms-win-core-file-l1-1-0.dll
0x00000169ec2c0000 - 0x00000169ec2c3000 	C:\Users\ledey\.openjfx\cache\20-ea+4\amd64\api-ms-win-core-file-l1-2-0.dll
0x00000169ec2d0000 - 0x00000169ec2d3000 	C:\Users\ledey\.openjfx\cache\20-ea+4\amd64\api-ms-win-core-file-l2-1-0.dll
0x00000169ec2e0000 - 0x00000169ec2e3000 	C:\Users\ledey\.openjfx\cache\20-ea+4\amd64\api-ms-win-core-handle-l1-1-0.dll
0x00000169ec2f0000 - 0x00000169ec2f3000 	C:\Users\ledey\.openjfx\cache\20-ea+4\amd64\api-ms-win-core-heap-l1-1-0.dll
0x00000169fd5e0000 - 0x00000169fd5e3000 	C:\Users\ledey\.openjfx\cache\20-ea+4\amd64\api-ms-win-core-interlocked-l1-1-0.dll
0x00000169fd5f0000 - 0x00000169fd5f3000 	C:\Users\ledey\.openjfx\cache\20-ea+4\amd64\api-ms-win-core-libraryloader-l1-1-0.dll
0x00000169fd600000 - 0x00000169fd603000 	C:\Users\ledey\.openjfx\cache\20-ea+4\amd64\api-ms-win-core-localization-l1-2-0.dll
0x00000169fd610000 - 0x00000169fd613000 	C:\Users\ledey\.openjfx\cache\20-ea+4\amd64\api-ms-win-core-memory-l1-1-0.dll
0x00000169fd620000 - 0x00000169fd623000 	C:\Users\ledey\.openjfx\cache\20-ea+4\amd64\api-ms-win-core-namedpipe-l1-1-0.dll
0x00000169fd630000 - 0x00000169fd633000 	C:\Users\ledey\.openjfx\cache\20-ea+4\amd64\api-ms-win-core-processenvironment-l1-1-0.dll
0x00000169fd640000 - 0x00000169fd643000 	C:\Users\ledey\.openjfx\cache\20-ea+4\amd64\api-ms-win-core-processthreads-l1-1-0.dll
0x00000169fd650000 - 0x00000169fd653000 	C:\Users\ledey\.openjfx\cache\20-ea+4\amd64\api-ms-win-core-processthreads-l1-1-1.dll
0x00000169fd660000 - 0x00000169fd663000 	C:\Users\ledey\.openjfx\cache\20-ea+4\amd64\api-ms-win-core-profile-l1-1-0.dll
0x00000169fd670000 - 0x00000169fd673000 	C:\Users\ledey\.openjfx\cache\20-ea+4\amd64\api-ms-win-core-rtlsupport-l1-1-0.dll
0x00000169fd680000 - 0x00000169fd683000 	C:\Users\ledey\.openjfx\cache\20-ea+4\amd64\api-ms-win-core-string-l1-1-0.dll
0x00000169fd690000 - 0x00000169fd693000 	C:\Users\ledey\.openjfx\cache\20-ea+4\amd64\api-ms-win-core-synch-l1-1-0.dll
0x00000169fd6a0000 - 0x00000169fd6a3000 	C:\Users\ledey\.openjfx\cache\20-ea+4\amd64\api-ms-win-core-synch-l1-2-0.dll
0x00000169fd6b0000 - 0x00000169fd6b3000 	C:\Users\ledey\.openjfx\cache\20-ea+4\amd64\api-ms-win-core-sysinfo-l1-1-0.dll
0x00000169fd6c0000 - 0x00000169fd6c3000 	C:\Users\ledey\.openjfx\cache\20-ea+4\amd64\api-ms-win-core-timezone-l1-1-0.dll
0x00000169fd6d0000 - 0x00000169fd6d3000 	C:\Users\ledey\.openjfx\cache\20-ea+4\amd64\api-ms-win-core-util-l1-1-0.dll
0x00000169fd6e0000 - 0x00000169fd6e3000 	C:\Users\ledey\.openjfx\cache\20-ea+4\amd64\api-ms-win-crt-conio-l1-1-0.dll
0x00000169fd6f0000 - 0x00000169fd6f4000 	C:\Users\ledey\.openjfx\cache\20-ea+4\amd64\api-ms-win-crt-convert-l1-1-0.dll
0x00000169fd700000 - 0x00000169fd703000 	C:\Users\ledey\.openjfx\cache\20-ea+4\amd64\api-ms-win-crt-environment-l1-1-0.dll
0x00000169fd710000 - 0x00000169fd713000 	C:\Users\ledey\.openjfx\cache\20-ea+4\amd64\api-ms-win-crt-filesystem-l1-1-0.dll
0x00000169fd720000 - 0x00000169fd723000 	C:\Users\ledey\.openjfx\cache\20-ea+4\amd64\api-ms-win-crt-heap-l1-1-0.dll
0x00000169fd730000 - 0x00000169fd733000 	C:\Users\ledey\.openjfx\cache\20-ea+4\amd64\api-ms-win-crt-locale-l1-1-0.dll
0x00000169fd740000 - 0x00000169fd745000 	C:\Users\ledey\.openjfx\cache\20-ea+4\amd64\api-ms-win-crt-math-l1-1-0.dll
0x00000169fd750000 - 0x00000169fd755000 	C:\Users\ledey\.openjfx\cache\20-ea+4\amd64\api-ms-win-crt-multibyte-l1-1-0.dll
0x00000169fd760000 - 0x00000169fd770000 	C:\Users\ledey\.openjfx\cache\20-ea+4\amd64\api-ms-win-crt-private-l1-1-0.dll
0x00000169fd770000 - 0x00000169fd773000 	C:\Users\ledey\.openjfx\cache\20-ea+4\amd64\api-ms-win-crt-process-l1-1-0.dll
0x00000169fd780000 - 0x00000169fd784000 	C:\Users\ledey\.openjfx\cache\20-ea+4\amd64\api-ms-win-crt-runtime-l1-1-0.dll
0x00000169fd790000 - 0x00000169fd794000 	C:\Users\ledey\.openjfx\cache\20-ea+4\amd64\api-ms-win-crt-stdio-l1-1-0.dll
0x00000169fd7a0000 - 0x00000169fd7a4000 	C:\Users\ledey\.openjfx\cache\20-ea+4\amd64\api-ms-win-crt-string-l1-1-0.dll
0x00000169fd7b0000 - 0x00000169fd7b3000 	C:\Users\ledey\.openjfx\cache\20-ea+4\amd64\api-ms-win-crt-time-l1-1-0.dll
0x00000169fd7c0000 - 0x00000169fd7c3000 	C:\Users\ledey\.openjfx\cache\20-ea+4\amd64\api-ms-win-crt-utility-l1-1-0.dll
0x00007fff4c850000 - 0x00007fff4c94c000 	C:\Users\ledey\.openjfx\cache\20-ea+4\amd64\ucrtbase.dll
0x00007fff864d0000 - 0x00007fff864eb000 	C:\Users\ledey\.openjfx\cache\20-ea+4\amd64\vcruntime140.dll
0x00007fff864c0000 - 0x00007fff864cc000 	C:\Users\ledey\.openjfx\cache\20-ea+4\amd64\vcruntime140_1.dll
0x00007fff59c10000 - 0x00007fff59c9e000 	C:\Users\ledey\.openjfx\cache\20-ea+4\amd64\msvcp140.dll
0x00007fff86060000 - 0x00007fff86069000 	C:\Users\ledey\.openjfx\cache\20-ea+4\amd64\msvcp140_1.dll
0x00007fff81d90000 - 0x00007fff81dc0000 	C:\Users\ledey\.openjfx\cache\20-ea+4\amd64\msvcp140_2.dll
0x00007fff7f980000 - 0x00007fff7f9ac000 	C:\Users\ledey\.openjfx\cache\20-ea+4\amd64\prism_d3d.dll
0x00007fff81490000 - 0x00007fff8165d000 	C:\Windows\system32\d3d9.dll
0x00007fff8b3b0000 - 0x00007fff8b3df000 	C:\Windows\SYSTEM32\dwmapi.dll
0x00007fff8afd0000 - 0x00007fff8b06e000 	C:\Windows\system32\uxtheme.dll
0x00007fff32f90000 - 0x00007fff330ed000 	C:\Windows\System32\DriverStore\FileRepository\iigd_dch.inf_amd64_67ebcbaf734be2a4\igdumdim64.dll
0x00007fff2f290000 - 0x00007fff32b99000 	C:\Windows\System32\DriverStore\FileRepository\iigd_dch.inf_amd64_67ebcbaf734be2a4\igd9dxva64.dll
0x00007fff8f970000 - 0x00007fff8fa9a000 	C:\Windows\System32\ole32.dll
0x00007fff8f8a0000 - 0x00007fff8f96d000 	C:\Windows\System32\OLEAUT32.dll
0x00007fff8e0e0000 - 0x00007fff8e548000 	C:\Windows\System32\SETUPAPI.dll
0x00007fff8d6d0000 - 0x00007fff8d71e000 	C:\Windows\System32\cfgmgr32.dll
0x00007fff8de60000 - 0x00007fff8de87000 	C:\Windows\System32\bcrypt.dll
0x00007fff7a460000 - 0x00007fff7a604000 	C:\Windows\System32\DriverStore\FileRepository\iigd_dch.inf_amd64_67ebcbaf734be2a4\igdgmm64.dll
0x00007fff630f0000 - 0x00007fff63132000 	C:\Users\ledey\.openjfx\cache\20-ea+4\amd64\glass.dll
0x00007fff8fe20000 - 0x00007fff8fefa000 	C:\Windows\System32\COMDLG32.dll
0x00007fff4f260000 - 0x00007fff4f399000 	C:\ProgramData\A-Volute\A-Volute.Nahimic\Modules\Scheduled\x64\AudioDevProps2.dll
0x00007fff8f460000 - 0x00007fff8f574000 	C:\Windows\System32\MSCTF.dll
0x00007fff7f640000 - 0x00007fff7f666000 	C:\Windows\System32\DriverStore\FileRepository\iigd_dch.inf_amd64_67ebcbaf734be2a4\igdinfo64.dll
0x00007fff76590000 - 0x00007fff78b94000 	C:\Windows\System32\DriverStore\FileRepository\iigd_dch.inf_amd64_67ebcbaf734be2a4\igc64.dll
0x00007fff7c3e0000 - 0x00007fff7c41b000 	C:\Windows\SYSTEM32\dxcore.dll
0x00007fff81d70000 - 0x00007fff81d84000 	C:\Users\ledey\.openjfx\cache\20-ea+4\amd64\javafx_font.dll
0x00007fff66920000 - 0x00007fff66b9f000 	C:\Windows\SYSTEM32\dwrite.dll
0x00007fff8ff00000 - 0x00007fff8ffa9000 	C:\Windows\System32\clbcatq.dll
0x00007fff80250000 - 0x00007fff80404000 	C:\Windows\SYSTEM32\WindowsCodecs.dll
0x00007fff6d8b0000 - 0x00007fff6d8ee000 	C:\Windows\system32\dataexchange.dll
0x00007fff8a3d0000 - 0x00007fff8a5b3000 	C:\Windows\system32\dcomp.dll
0x00007fff89a00000 - 0x00007fff89c63000 	C:\Windows\system32\d3d11.dll
0x00007fff8bf90000 - 0x00007fff8c083000 	C:\Windows\system32\dxgi.dll
0x00007fff85ac0000 - 0x00007fff85cc0000 	C:\Windows\system32\twinapi.appcore.dll
0x00007fff65b60000 - 0x00007fff65b94000 	C:\Program Files\Common Files\Microsoft Shared\Ink\rtscom.dll
0x00007fff68620000 - 0x00007fff6871a000 	C:\Windows\SYSTEM32\textinputframework.dll
0x00007fff8a940000 - 0x00007fff8ac9e000 	C:\Windows\System32\CoreUIComponents.dll
0x00007fff8aca0000 - 0x00007fff8ad92000 	C:\Windows\System32\CoreMessaging.dll
0x00007fff8c860000 - 0x00007fff8c893000 	C:\Windows\SYSTEM32\ntmarta.dll

dbghelp: loaded successfully - version: 4.0.5 - missing functions: none
symbol engine: initialized successfully - sym options: 0x614 - pdb path: .;A:\jdk\bin;C:\Windows\SYSTEM32;C:\Windows\WinSxS\amd64_microsoft.windows.common-controls_6595b64144ccf1df_6.0.19041.1110_none_60b5254171f9507e;A:\jdk\bin\server;C:\Users\ledey\.openjfx\cache\20-ea+4\amd64;C:\Windows\System32\DriverStore\FileRepository\iigd_dch.inf_amd64_67ebcbaf734be2a4;C:\ProgramData\A-Volute\A-Volute.Nahimic\Modules\Scheduled\x64;C:\Program Files\Common Files\Microsoft Shared\Ink

VM Arguments:
jvm_args: -agentlib:jdwp=transport=dt_socket,address=127.0.0.1:57527,suspend=y,server=n -javaagent:C:\Users\ledey\AppData\Local\JetBrains\IdeaIC2022.3\captureAgent\debugger-agent.jar -Dfile.encoding=UTF-8 -Dsun.stdout.encoding=UTF-8 -Dsun.stderr.encoding=UTF-8 --module-path=C:\Users\ledey\.m2\repository\org\openjfx\javafx-controls\20-ea+4\javafx-controls-20-ea+4-win.jar;C:\Users\ledey\.m2\repository\org\openjfx\javafx-base\20-ea+4\javafx-base-20-ea+4-win.jar;C:\Users\ledey\.m2\repository\org\openjfx\javafx-graphics\20-ea+4\javafx-graphics-20-ea+4-win.jar;C:\Users\ledey\.m2\repository\mysql\mysql-connector-java\8.0.25\mysql-connector-java-8.0.25.jar;C:\Users\ledey\.m2\repository\org\openjfx\javafx-fxml\20-ea+4\javafx-fxml-20-ea+4-win.jar;A:\polykek\kursach_2sem\target\classes -Djdk.module.main=sample.d 
java_command: sample.d/main.Main
java_class_path (initial): C:\Users\ledey\.m2\repository\org\openjfx\javafx-controls\20-ea+4\javafx-controls-20-ea+4.jar;C:\Users\ledey\.m2\repository\org\openjfx\javafx-graphics\20-ea+4\javafx-graphics-20-ea+4.jar;C:\Users\ledey\.m2\repository\org\openjfx\javafx-base\20-ea+4\javafx-base-20-ea+4.jar;C:\Users\ledey\.m2\repository\org\openjfx\javafx-fxml\20-ea+4\javafx-fxml-20-ea+4.jar;C:\Users\ledey\.m2\repository\com\google\protobuf\protobuf-java\3.11.4\protobuf-java-3.11.4.jar;A:\IntelliJ IDEA\lib\idea_rt.jar
Launcher Type: SUN_STANDARD

[Global flags]
     intx CICompilerCount                          = 4                                         {product} {ergonomic}
     uint ConcGCThreads                            = 2                                         {product} {ergonomic}
     uint G1ConcRefinementThreads                  = 8                                         {product} {ergonomic}
   size_t G1HeapRegionSize                         = 2097152                                   {product} {ergonomic}
    uintx GCDrainStackTargetSize                   = 64                                        {product} {ergonomic}
   size_t InitialHeapSize                          = 266338304                                 {product} {ergonomic}
   size_t MarkStackSize                            = 4194304                                   {product} {ergonomic}
   size_t MaxHeapSize                              = 4248829952                                {product} {ergonomic}
   size_t MaxNewSize                               = 2548039680                                {product} {ergonomic}
   size_t MinHeapDeltaBytes                        = 2097152                                   {product} {ergonomic}
   size_t MinHeapSize                              = 8388608                                   {product} {ergonomic}
    uintx NonNMethodCodeHeapSize                   = 5839372                                {pd product} {ergonomic}
    uintx NonProfiledCodeHeapSize                  = 122909434                              {pd product} {ergonomic}
    uintx ProfiledCodeHeapSize                     = 122909434                              {pd product} {ergonomic}
    uintx ReservedCodeCacheSize                    = 251658240                              {pd product} {ergonomic}
     bool SegmentedCodeCache                       = true                                      {product} {ergonomic}
   size_t SoftMaxHeapSize                          = 4248829952                             {manageable} {ergonomic}
     bool UseCompressedClassPointers               = true                           {product lp64_product} {ergonomic}
     bool UseCompressedOops                        = true                           {product lp64_product} {ergonomic}
     bool UseG1GC                                  = true                                      {product} {ergonomic}
     bool UseLargePagesIndividualAllocation        = false                                  {pd product} {ergonomic}

Logging:
Log output configuration:
 #0: stdout all=off uptime,level,tags foldmultilines=false
 #1: stderr all=off uptime,level,tags foldmultilines=false

Environment Variables:
PATH=C:\Program Files (x86)\Razer Chroma SDK\bin;C:\Program Files\Razer Chroma SDK\bin;C:\Program Files (x86)\Razer\ChromaBroadcast\bin;C:\Program Files\Razer\ChromaBroadcast\bin;C:\Windows\system32;C:\Windows;C:\Windows\System32\Wbem;C:\Windows\System32\WindowsPowerShell\v1.0\;C:\Windows\System32\OpenSSH\;C:\Program Files (x86)\NVIDIA Corporation\PhysX\Common;C:\Program Files\NVIDIA Corporation\NVIDIA NvDLISR;C:\Windows\system32;C:\Windows;C:\Windows\System32\Wbem;C:\Windows\System32\WindowsPowerShell\v1.0\;C:\Windows\System32\OpenSSH\;A:\Git\cmd;A:\PuTTY\;C:\Windows\system32\config\systemprofile\AppData\Local\Microsoft\WindowsApps;C:\Users\ledey\AppData\Local\Microsoft\WindowsApps;
USERNAME=ledey
OS=Windows_NT
PROCESSOR_IDENTIFIER=Intel64 Family 6 Model 165 Stepping 2, GenuineIntel
TMP=C:\Users\ledey\AppData\Local\Temp
TEMP=C:\Users\ledey\AppData\Local\Temp




---------------  S Y S T E M  ---------------

OS:
 Windows 10 , 64 bit Build 19041 (10.0.19041.2913)
OS uptime: 2 days 17:40 hours

CPU: total 8 (initial active 8) (4 cores per cpu, 2 threads per core) family 6 model 165 stepping 2 microcode 0xc8, cx8, cmov, fxsr, ht, mmx, 3dnowpref, sse, sse2, sse3, ssse3, sse4.1, sse4.2, popcnt, lzcnt, tsc, tscinvbit, avx, avx2, aes, erms, clmul, bmi1, bmi2, adx, fma, vzeroupper, clflush, clflushopt, rdtscp, f16c, pku

Memory: 4k page, system-wide physical 16205M (5383M free)
TotalPageFile size 19661M (AvailPageFile size 4501M)
current process WorkingSet (physical memory assigned to process): 193M, peak: 196M
current process commit charge ("private bytes"): 429M, peak: 435M

vm_info: OpenJDK 64-Bit Server VM (20+36-2344) for windows-amd64 JRE (20+36-2344), built on 2023-02-10T19:30:15Z by "mach5one" with MS VC++ 17.1 (VS2022)

END.
